[30-Jul-2025 22:55:32 UTC] Uncaught Exception: syntax error, unexpected token ","
#0 C:\laragon\www\Frostel\core\Helper.php(40): Core\View->render('user', Array)
#1 C:\laragon\www\Frostel\app\Controller\userController.php(6): view('user', Array)
#2 [internal function]: App\Controller\UserController->show('2', 'amir')
#3 C:\laragon\www\Frostel\core\Loader.php(29): call_user_func_array(Array, Array)
#4 C:\laragon\www\Frostel\core\Route.php(100): Core\Loader::Controller('userController', Array)
#5 C:\laragon\www\Frostel\core\Bootstrap.php(54): Core\Route::dispatch('/user/2/amir', 'get')
#6 C:\laragon\www\Frostel\public\index.php(21): Core\Bootstrap::initializeRequest()
#7 {main}
[30-Jul-2025 23:02:11 UTC] Uncaught Exception: middleware : a not found
#0 C:\laragon\www\Frostel\core\Route.php(87): Core\Middleware::handel('a')
#1 C:\laragon\www\Frostel\core\Bootstrap.php(54): Core\Route::dispatch('/', 'get')
#2 C:\laragon\www\Frostel\public\index.php(21): Core\Bootstrap::initializeRequest()
#3 {main}
[30-Jul-2025 23:02:11 UTC] Uncaught Exception: middleware : a not found
#0 C:\laragon\www\Frostel\core\Route.php(87): Core\Middleware::handel('a')
#1 C:\laragon\www\Frostel\core\Bootstrap.php(54): Core\Route::dispatch('/', 'get')
#2 C:\laragon\www\Frostel\public\index.php(21): Core\Bootstrap::initializeRequest()
#3 {main}
[30-Jul-2025 23:02:11 UTC] Uncaught Exception: middleware : a not found
#0 C:\laragon\www\Frostel\core\Route.php(87): Core\Middleware::handel('a')
#1 C:\laragon\www\Frostel\core\Bootstrap.php(54): Core\Route::dispatch('/', 'get')
#2 C:\laragon\www\Frostel\public\index.php(21): Core\Bootstrap::initializeRequest()
#3 {main}
[30-Jul-2025 23:02:12 UTC] Uncaught Exception: middleware : a not found
#0 C:\laragon\www\Frostel\core\Route.php(87): Core\Middleware::handel('a')
#1 C:\laragon\www\Frostel\core\Bootstrap.php(54): Core\Route::dispatch('/', 'get')
#2 C:\laragon\www\Frostel\public\index.php(21): Core\Bootstrap::initializeRequest()
#3 {main}
[30-Jul-2025 23:02:26 UTC] Uncaught Exception: middleware : AccessMiddleware not found
#0 C:\laragon\www\Frostel\core\Route.php(87): Core\Middleware::handel('AccessMiddlewar...')
#1 C:\laragon\www\Frostel\core\Bootstrap.php(54): Core\Route::dispatch('/', 'get')
#2 C:\laragon\www\Frostel\public\index.php(21): Core\Bootstrap::initializeRequest()
#3 {main}
[30-Jul-2025 23:02:26 UTC] Uncaught Exception: middleware : AccessMiddleware not found
#0 C:\laragon\www\Frostel\core\Route.php(87): Core\Middleware::handel('AccessMiddlewar...')
#1 C:\laragon\www\Frostel\core\Bootstrap.php(54): Core\Route::dispatch('/', 'get')
#2 C:\laragon\www\Frostel\public\index.php(21): Core\Bootstrap::initializeRequest()
#3 {main}
[30-Jul-2025 23:02:26 UTC] Uncaught Exception: middleware : AccessMiddleware not found
#0 C:\laragon\www\Frostel\core\Route.php(87): Core\Middleware::handel('AccessMiddlewar...')
#1 C:\laragon\www\Frostel\core\Bootstrap.php(54): Core\Route::dispatch('/', 'get')
#2 C:\laragon\www\Frostel\public\index.php(21): Core\Bootstrap::initializeRequest()
#3 {main}
[30-Jul-2025 23:02:37 UTC] Uncaught Exception: middleware : d not found
#0 C:\laragon\www\Frostel\core\Route.php(87): Core\Middleware::handel('d')
#1 C:\laragon\www\Frostel\core\Bootstrap.php(54): Core\Route::dispatch('/', 'get')
#2 C:\laragon\www\Frostel\public\index.php(21): Core\Bootstrap::initializeRequest()
#3 {main}
[30-Jul-2025 23:02:37 UTC] Uncaught Exception: middleware : d not found
#0 C:\laragon\www\Frostel\core\Route.php(87): Core\Middleware::handel('d')
#1 C:\laragon\www\Frostel\core\Bootstrap.php(54): Core\Route::dispatch('/', 'get')
#2 C:\laragon\www\Frostel\public\index.php(21): Core\Bootstrap::initializeRequest()
#3 {main}
