[26-Jun-2025 20:25:56 Asia/Tehran] PHP Fatal error:  Uncaught Exception: action : showa in class : HomeController not found!! in C:\laragon\www\MVC\core\Loader.php:25
Stack trace:
#0 C:\laragon\www\MVC\core\Route.php(100): Core\Loader::Controller('HomeController', Array)
#1 C:\laragon\www\MVC\public\index.php(27): Core\Route::Dispatch('/', 'get')
#2 {main}
  thrown in C:\laragon\www\MVC\core\Loader.php on line 25
[26-Jun-2025 20:25:57 Asia/Tehran] PHP Fatal error:  Uncaught Exception: action : showa in class : HomeController not found!! in C:\laragon\www\MVC\core\Loader.php:25
Stack trace:
#0 C:\laragon\www\MVC\core\Route.php(100): Core\Loader::Controller('HomeController', Array)
#1 C:\laragon\www\MVC\public\index.php(27): Core\Route::Dispatch('/', 'get')
#2 {main}
  thrown in C:\laragon\www\MVC\core\Loader.php on line 25
[26-Jun-2025 20:25:58 Asia/Tehran] PHP Fatal error:  Uncaught Exception: action : showa in class : HomeController not found!! in C:\laragon\www\MVC\core\Loader.php:25
Stack trace:
#0 C:\laragon\www\MVC\core\Route.php(100): Core\Loader::Controller('HomeController', Array)
#1 C:\laragon\www\MVC\public\index.php(27): Core\Route::Dispatch('/', 'get')
#2 {main}
  thrown in C:\laragon\www\MVC\core\Loader.php on line 25
[26-Jun-2025 20:25:58 Asia/Tehran] PHP Fatal error:  Uncaught Exception: action : showa in class : HomeController not found!! in C:\laragon\www\MVC\core\Loader.php:25
Stack trace:
#0 C:\laragon\www\MVC\core\Route.php(100): Core\Loader::Controller('HomeController', Array)
#1 C:\laragon\www\MVC\public\index.php(27): Core\Route::Dispatch('/', 'get')
#2 {main}
  thrown in C:\laragon\www\MVC\core\Loader.php on line 25
[26-Jun-2025 20:26:19 Asia/Tehran] PHP Fatal error:  Uncaught Exception: action : showa in class : HomeController not found!! in C:\laragon\www\MVC\core\Loader.php:25
Stack trace:
#0 C:\laragon\www\MVC\core\Route.php(100): Core\Loader::Controller('HomeController', Array)
#1 C:\laragon\www\MVC\public\index.php(27): Core\Route::Dispatch('/', 'get')
#2 {main}
  thrown in C:\laragon\www\MVC\core\Loader.php on line 25
[26-Jun-2025 20:26:20 Asia/Tehran] PHP Fatal error:  Uncaught Exception: action : showa in class : HomeController not found!! in C:\laragon\www\MVC\core\Loader.php:25
Stack trace:
#0 C:\laragon\www\MVC\core\Route.php(100): Core\Loader::Controller('HomeController', Array)
#1 C:\laragon\www\MVC\public\index.php(27): Core\Route::Dispatch('/', 'get')
#2 {main}
  thrown in C:\laragon\www\MVC\core\Loader.php on line 25
[26-Jun-2025 20:26:20 Asia/Tehran] PHP Fatal error:  Uncaught Exception: action : showa in class : HomeController not found!! in C:\laragon\www\MVC\core\Loader.php:25
Stack trace:
#0 C:\laragon\www\MVC\core\Route.php(100): Core\Loader::Controller('HomeController', Array)
#1 C:\laragon\www\MVC\public\index.php(27): Core\Route::Dispatch('/', 'get')
#2 {main}
  thrown in C:\laragon\www\MVC\core\Loader.php on line 25
[26-Jun-2025 20:26:20 Asia/Tehran] PHP Fatal error:  Uncaught Exception: action : showa in class : HomeController not found!! in C:\laragon\www\MVC\core\Loader.php:25
Stack trace:
#0 C:\laragon\www\MVC\core\Route.php(100): Core\Loader::Controller('HomeController', Array)
#1 C:\laragon\www\MVC\public\index.php(27): Core\Route::Dispatch('/', 'get')
#2 {main}
  thrown in C:\laragon\www\MVC\core\Loader.php on line 25
[26-Jun-2025 20:26:21 Asia/Tehran] PHP Fatal error:  Uncaught Exception: action : showa in class : HomeController not found!! in C:\laragon\www\MVC\core\Loader.php:25
Stack trace:
#0 C:\laragon\www\MVC\core\Route.php(100): Core\Loader::Controller('HomeController', Array)
#1 C:\laragon\www\MVC\public\index.php(27): Core\Route::Dispatch('/', 'get')
#2 {main}
  thrown in C:\laragon\www\MVC\core\Loader.php on line 25
[26-Jun-2025 16:56:34 UTC] PHP Fatal error:  Uncaught Exception: action : showa in class : HomeController not found!! in C:\laragon\www\MVC\core\Loader.php:25
Stack trace:
#0 C:\laragon\www\MVC\core\Route.php(100): Core\Loader::Controller('HomeController', Array)
#1 C:\laragon\www\MVC\public\index.php(27): Core\Route::Dispatch('/', 'get')
#2 {main}
  thrown in C:\laragon\www\MVC\core\Loader.php on line 25
[26-Jun-2025 16:56:34 UTC] PHP Fatal error:  Uncaught Exception: action : showa in class : HomeController not found!! in C:\laragon\www\MVC\core\Loader.php:25
Stack trace:
#0 C:\laragon\www\MVC\core\Route.php(100): Core\Loader::Controller('HomeController', Array)
#1 C:\laragon\www\MVC\public\index.php(27): Core\Route::Dispatch('/', 'get')
#2 {main}
  thrown in C:\laragon\www\MVC\core\Loader.php on line 25
[26-Jun-2025 16:56:35 UTC] PHP Fatal error:  Uncaught Exception: action : showa in class : HomeController not found!! in C:\laragon\www\MVC\core\Loader.php:25
Stack trace:
#0 C:\laragon\www\MVC\core\Route.php(100): Core\Loader::Controller('HomeController', Array)
#1 C:\laragon\www\MVC\public\index.php(27): Core\Route::Dispatch('/', 'get')
#2 {main}
  thrown in C:\laragon\www\MVC\core\Loader.php on line 25
[26-Jun-2025 16:56:35 UTC] PHP Fatal error:  Uncaught Exception: action : showa in class : HomeController not found!! in C:\laragon\www\MVC\core\Loader.php:25
Stack trace:
#0 C:\laragon\www\MVC\core\Route.php(100): Core\Loader::Controller('HomeController', Array)
#1 C:\laragon\www\MVC\public\index.php(27): Core\Route::Dispatch('/', 'get')
#2 {main}
  thrown in C:\laragon\www\MVC\core\Loader.php on line 25
[26-Jun-2025 16:56:35 UTC] PHP Fatal error:  Uncaught Exception: action : showa in class : HomeController not found!! in C:\laragon\www\MVC\core\Loader.php:25
Stack trace:
#0 C:\laragon\www\MVC\core\Route.php(100): Core\Loader::Controller('HomeController', Array)
#1 C:\laragon\www\MVC\public\index.php(27): Core\Route::Dispatch('/', 'get')
#2 {main}
  thrown in C:\laragon\www\MVC\core\Loader.php on line 25
[26-Jun-2025 16:56:51 UTC] PHP Fatal error:  Uncaught Exception: action : showa in class : HomeController not found!! in C:\laragon\www\MVC\core\Loader.php:25
Stack trace:
#0 C:\laragon\www\MVC\core\Route.php(100): Core\Loader::Controller('HomeController', Array)
#1 C:\laragon\www\MVC\public\index.php(27): Core\Route::Dispatch('/', 'get')
#2 {main}
  thrown in C:\laragon\www\MVC\core\Loader.php on line 25
[26-Jun-2025 16:56:51 UTC] PHP Fatal error:  Uncaught Exception: action : showa in class : HomeController not found!! in C:\laragon\www\MVC\core\Loader.php:25
Stack trace:
#0 C:\laragon\www\MVC\core\Route.php(100): Core\Loader::Controller('HomeController', Array)
#1 C:\laragon\www\MVC\public\index.php(27): Core\Route::Dispatch('/', 'get')
#2 {main}
  thrown in C:\laragon\www\MVC\core\Loader.php on line 25
[26-Jun-2025 16:56:52 UTC] PHP Fatal error:  Uncaught Exception: action : showa in class : HomeController not found!! in C:\laragon\www\MVC\core\Loader.php:25
Stack trace:
#0 C:\laragon\www\MVC\core\Route.php(100): Core\Loader::Controller('HomeController', Array)
#1 C:\laragon\www\MVC\public\index.php(27): Core\Route::Dispatch('/', 'get')
#2 {main}
  thrown in C:\laragon\www\MVC\core\Loader.php on line 25
[26-Jun-2025 16:56:52 UTC] PHP Fatal error:  Uncaught Exception: action : showa in class : HomeController not found!! in C:\laragon\www\MVC\core\Loader.php:25
Stack trace:
#0 C:\laragon\www\MVC\core\Route.php(100): Core\Loader::Controller('HomeController', Array)
#1 C:\laragon\www\MVC\public\index.php(27): Core\Route::Dispatch('/', 'get')
#2 {main}
  thrown in C:\laragon\www\MVC\core\Loader.php on line 25
[26-Jun-2025 16:56:52 UTC] PHP Fatal error:  Uncaught Exception: action : showa in class : HomeController not found!! in C:\laragon\www\MVC\core\Loader.php:25
Stack trace:
#0 C:\laragon\www\MVC\core\Route.php(100): Core\Loader::Controller('HomeController', Array)
#1 C:\laragon\www\MVC\public\index.php(27): Core\Route::Dispatch('/', 'get')
#2 {main}
  thrown in C:\laragon\www\MVC\core\Loader.php on line 25
[26-Jun-2025 16:56:52 UTC] PHP Fatal error:  Uncaught Exception: action : showa in class : HomeController not found!! in C:\laragon\www\MVC\core\Loader.php:25
Stack trace:
#0 C:\laragon\www\MVC\core\Route.php(100): Core\Loader::Controller('HomeController', Array)
#1 C:\laragon\www\MVC\public\index.php(27): Core\Route::Dispatch('/', 'get')
#2 {main}
  thrown in C:\laragon\www\MVC\core\Loader.php on line 25
[26-Jun-2025 16:56:52 UTC] PHP Fatal error:  Uncaught Exception: action : showa in class : HomeController not found!! in C:\laragon\www\MVC\core\Loader.php:25
Stack trace:
#0 C:\laragon\www\MVC\core\Route.php(100): Core\Loader::Controller('HomeController', Array)
#1 C:\laragon\www\MVC\public\index.php(27): Core\Route::Dispatch('/', 'get')
#2 {main}
  thrown in C:\laragon\www\MVC\core\Loader.php on line 25
[26-Jun-2025 16:56:53 UTC] PHP Fatal error:  Uncaught Exception: action : showa in class : HomeController not found!! in C:\laragon\www\MVC\core\Loader.php:25
Stack trace:
#0 C:\laragon\www\MVC\core\Route.php(100): Core\Loader::Controller('HomeController', Array)
#1 C:\laragon\www\MVC\public\index.php(27): Core\Route::Dispatch('/', 'get')
#2 {main}
  thrown in C:\laragon\www\MVC\core\Loader.php on line 25
[26-Jun-2025 16:56:53 UTC] PHP Fatal error:  Uncaught Exception: action : showa in class : HomeController not found!! in C:\laragon\www\MVC\core\Loader.php:25
Stack trace:
#0 C:\laragon\www\MVC\core\Route.php(100): Core\Loader::Controller('HomeController', Array)
#1 C:\laragon\www\MVC\public\index.php(27): Core\Route::Dispatch('/', 'get')
#2 {main}
  thrown in C:\laragon\www\MVC\core\Loader.php on line 25
[26-Jun-2025 16:56:58 UTC] PHP Fatal error:  Uncaught Exception: action : showa in class : HomeController not found!! in C:\laragon\www\MVC\core\Loader.php:25
Stack trace:
#0 C:\laragon\www\MVC\core\Route.php(100): Core\Loader::Controller('HomeController', Array)
#1 C:\laragon\www\MVC\public\index.php(27): Core\Route::Dispatch('/', 'get')
#2 {main}
  thrown in C:\laragon\www\MVC\core\Loader.php on line 25
[26-Jun-2025 16:56:59 UTC] PHP Fatal error:  Uncaught Exception: action : showa in class : HomeController not found!! in C:\laragon\www\MVC\core\Loader.php:25
Stack trace:
#0 C:\laragon\www\MVC\core\Route.php(100): Core\Loader::Controller('HomeController', Array)
#1 C:\laragon\www\MVC\public\index.php(27): Core\Route::Dispatch('/', 'get')
#2 {main}
  thrown in C:\laragon\www\MVC\core\Loader.php on line 25
[26-Jun-2025 16:56:59 UTC] PHP Fatal error:  Uncaught Exception: action : showa in class : HomeController not found!! in C:\laragon\www\MVC\core\Loader.php:25
Stack trace:
#0 C:\laragon\www\MVC\core\Route.php(100): Core\Loader::Controller('HomeController', Array)
#1 C:\laragon\www\MVC\public\index.php(27): Core\Route::Dispatch('/', 'get')
#2 {main}
  thrown in C:\laragon\www\MVC\core\Loader.php on line 25
[26-Jun-2025 16:56:59 UTC] PHP Fatal error:  Uncaught Exception: action : showa in class : HomeController not found!! in C:\laragon\www\MVC\core\Loader.php:25
Stack trace:
#0 C:\laragon\www\MVC\core\Route.php(100): Core\Loader::Controller('HomeController', Array)
#1 C:\laragon\www\MVC\public\index.php(27): Core\Route::Dispatch('/', 'get')
#2 {main}
  thrown in C:\laragon\www\MVC\core\Loader.php on line 25
[26-Jun-2025 16:56:59 UTC] PHP Fatal error:  Uncaught Exception: action : showa in class : HomeController not found!! in C:\laragon\www\MVC\core\Loader.php:25
Stack trace:
#0 C:\laragon\www\MVC\core\Route.php(100): Core\Loader::Controller('HomeController', Array)
#1 C:\laragon\www\MVC\public\index.php(27): Core\Route::Dispatch('/', 'get')
#2 {main}
  thrown in C:\laragon\www\MVC\core\Loader.php on line 25
[26-Jun-2025 16:56:59 UTC] PHP Fatal error:  Uncaught Exception: action : showa in class : HomeController not found!! in C:\laragon\www\MVC\core\Loader.php:25
Stack trace:
#0 C:\laragon\www\MVC\core\Route.php(100): Core\Loader::Controller('HomeController', Array)
#1 C:\laragon\www\MVC\public\index.php(27): Core\Route::Dispatch('/', 'get')
#2 {main}
  thrown in C:\laragon\www\MVC\core\Loader.php on line 25
[26-Jun-2025 16:56:59 UTC] PHP Fatal error:  Uncaught Exception: action : showa in class : HomeController not found!! in C:\laragon\www\MVC\core\Loader.php:25
Stack trace:
#0 C:\laragon\www\MVC\core\Route.php(100): Core\Loader::Controller('HomeController', Array)
#1 C:\laragon\www\MVC\public\index.php(27): Core\Route::Dispatch('/', 'get')
#2 {main}
  thrown in C:\laragon\www\MVC\core\Loader.php on line 25
[26-Jun-2025 16:58:06 UTC] PHP Fatal error:  Uncaught Exception: action : showa in class : HomeController not found!! in C:\laragon\www\MVC\core\Loader.php:25
Stack trace:
#0 C:\laragon\www\MVC\core\Route.php(100): Core\Loader::Controller('HomeController', Array)
#1 C:\laragon\www\MVC\public\index.php(27): Core\Route::Dispatch('/', 'get')
#2 {main}
  thrown in C:\laragon\www\MVC\core\Loader.php on line 25
[26-Jun-2025 16:58:06 UTC] PHP Fatal error:  Uncaught Exception: action : showa in class : HomeController not found!! in C:\laragon\www\MVC\core\Loader.php:25
Stack trace:
#0 C:\laragon\www\MVC\core\Route.php(100): Core\Loader::Controller('HomeController', Array)
#1 C:\laragon\www\MVC\public\index.php(27): Core\Route::Dispatch('/', 'get')
#2 {main}
  thrown in C:\laragon\www\MVC\core\Loader.php on line 25
[26-Jun-2025 16:58:07 UTC] PHP Fatal error:  Uncaught Exception: action : showa in class : HomeController not found!! in C:\laragon\www\MVC\core\Loader.php:25
Stack trace:
#0 C:\laragon\www\MVC\core\Route.php(100): Core\Loader::Controller('HomeController', Array)
#1 C:\laragon\www\MVC\public\index.php(27): Core\Route::Dispatch('/', 'get')
#2 {main}
  thrown in C:\laragon\www\MVC\core\Loader.php on line 25
[26-Jun-2025 16:58:07 UTC] PHP Fatal error:  Uncaught Exception: action : showa in class : HomeController not found!! in C:\laragon\www\MVC\core\Loader.php:25
Stack trace:
#0 C:\laragon\www\MVC\core\Route.php(100): Core\Loader::Controller('HomeController', Array)
#1 C:\laragon\www\MVC\public\index.php(27): Core\Route::Dispatch('/', 'get')
#2 {main}
  thrown in C:\laragon\www\MVC\core\Loader.php on line 25
[26-Jun-2025 16:58:07 UTC] PHP Fatal error:  Uncaught Exception: action : showa in class : HomeController not found!! in C:\laragon\www\MVC\core\Loader.php:25
Stack trace:
#0 C:\laragon\www\MVC\core\Route.php(100): Core\Loader::Controller('HomeController', Array)
#1 C:\laragon\www\MVC\public\index.php(27): Core\Route::Dispatch('/', 'get')
#2 {main}
  thrown in C:\laragon\www\MVC\core\Loader.php on line 25
[26-Jun-2025 16:58:07 UTC] PHP Fatal error:  Uncaught Exception: action : showa in class : HomeController not found!! in C:\laragon\www\MVC\core\Loader.php:25
Stack trace:
#0 C:\laragon\www\MVC\core\Route.php(100): Core\Loader::Controller('HomeController', Array)
#1 C:\laragon\www\MVC\public\index.php(27): Core\Route::Dispatch('/', 'get')
#2 {main}
  thrown in C:\laragon\www\MVC\core\Loader.php on line 25
[26-Jun-2025 16:58:15 UTC] PHP Fatal error:  Uncaught Exception: action : showa in class : HomeController not found!! in C:\laragon\www\MVC\core\Loader.php:25
Stack trace:
#0 C:\laragon\www\MVC\core\Route.php(100): Core\Loader::Controller('HomeController', Array)
#1 C:\laragon\www\MVC\public\index.php(27): Core\Route::Dispatch('/', 'get')
#2 {main}
  thrown in C:\laragon\www\MVC\core\Loader.php on line 25
[26-Jun-2025 16:58:15 UTC] PHP Fatal error:  Uncaught Exception: action : showa in class : HomeController not found!! in C:\laragon\www\MVC\core\Loader.php:25
Stack trace:
#0 C:\laragon\www\MVC\core\Route.php(100): Core\Loader::Controller('HomeController', Array)
#1 C:\laragon\www\MVC\public\index.php(27): Core\Route::Dispatch('/', 'get')
#2 {main}
  thrown in C:\laragon\www\MVC\core\Loader.php on line 25
[26-Jun-2025 16:58:16 UTC] PHP Fatal error:  Uncaught Exception: action : showa in class : HomeController not found!! in C:\laragon\www\MVC\core\Loader.php:25
Stack trace:
#0 C:\laragon\www\MVC\core\Route.php(100): Core\Loader::Controller('HomeController', Array)
#1 C:\laragon\www\MVC\public\index.php(27): Core\Route::Dispatch('/', 'get')
#2 {main}
  thrown in C:\laragon\www\MVC\core\Loader.php on line 25
[26-Jun-2025 16:58:16 UTC] PHP Fatal error:  Uncaught Exception: action : showa in class : HomeController not found!! in C:\laragon\www\MVC\core\Loader.php:25
Stack trace:
#0 C:\laragon\www\MVC\core\Route.php(100): Core\Loader::Controller('HomeController', Array)
#1 C:\laragon\www\MVC\public\index.php(27): Core\Route::Dispatch('/', 'get')
#2 {main}
  thrown in C:\laragon\www\MVC\core\Loader.php on line 25
[26-Jun-2025 17:02:43 UTC] PHP Fatal error:  Uncaught Exception: action : showa in class : HomeController not found!! in C:\laragon\www\MVC\core\Loader.php:25
Stack trace:
#0 C:\laragon\www\MVC\core\Route.php(100): Core\Loader::Controller('HomeController', Array)
#1 C:\laragon\www\MVC\public\index.php(27): Core\Route::Dispatch('/', 'get')
#2 {main}
  thrown in C:\laragon\www\MVC\core\Loader.php on line 25
[26-Jun-2025 17:02:44 UTC] PHP Fatal error:  Uncaught Exception: action : showa in class : HomeController not found!! in C:\laragon\www\MVC\core\Loader.php:25
Stack trace:
#0 C:\laragon\www\MVC\core\Route.php(100): Core\Loader::Controller('HomeController', Array)
#1 C:\laragon\www\MVC\public\index.php(27): Core\Route::Dispatch('/', 'get')
#2 {main}
  thrown in C:\laragon\www\MVC\core\Loader.php on line 25
[26-Jun-2025 17:02:44 UTC] PHP Fatal error:  Uncaught Exception: action : showa in class : HomeController not found!! in C:\laragon\www\MVC\core\Loader.php:25
Stack trace:
#0 C:\laragon\www\MVC\core\Route.php(100): Core\Loader::Controller('HomeController', Array)
#1 C:\laragon\www\MVC\public\index.php(27): Core\Route::Dispatch('/', 'get')
#2 {main}
  thrown in C:\laragon\www\MVC\core\Loader.php on line 25
[26-Jun-2025 17:02:44 UTC] PHP Fatal error:  Uncaught Exception: action : showa in class : HomeController not found!! in C:\laragon\www\MVC\core\Loader.php:25
Stack trace:
#0 C:\laragon\www\MVC\core\Route.php(100): Core\Loader::Controller('HomeController', Array)
#1 C:\laragon\www\MVC\public\index.php(27): Core\Route::Dispatch('/', 'get')
#2 {main}
  thrown in C:\laragon\www\MVC\core\Loader.php on line 25
[26-Jun-2025 17:03:07 UTC] PHP Fatal error:  Uncaught Exception: action : showa in class : HomeController not found!! in C:\laragon\www\MVC\core\Loader.php:25
Stack trace:
#0 C:\laragon\www\MVC\core\Route.php(100): Core\Loader::Controller('HomeController', Array)
#1 C:\laragon\www\MVC\public\index.php(27): Core\Route::Dispatch('/', 'get')
#2 {main}
  thrown in C:\laragon\www\MVC\core\Loader.php on line 25
[26-Jun-2025 17:03:08 UTC] PHP Fatal error:  Uncaught Exception: action : showa in class : HomeController not found!! in C:\laragon\www\MVC\core\Loader.php:25
Stack trace:
#0 C:\laragon\www\MVC\core\Route.php(100): Core\Loader::Controller('HomeController', Array)
#1 C:\laragon\www\MVC\public\index.php(27): Core\Route::Dispatch('/', 'get')
#2 {main}
  thrown in C:\laragon\www\MVC\core\Loader.php on line 25
[26-Jun-2025 17:03:08 UTC] PHP Fatal error:  Uncaught Exception: action : showa in class : HomeController not found!! in C:\laragon\www\MVC\core\Loader.php:25
Stack trace:
#0 C:\laragon\www\MVC\core\Route.php(100): Core\Loader::Controller('HomeController', Array)
#1 C:\laragon\www\MVC\public\index.php(27): Core\Route::Dispatch('/', 'get')
#2 {main}
  thrown in C:\laragon\www\MVC\core\Loader.php on line 25
[26-Jun-2025 17:03:08 UTC] PHP Fatal error:  Uncaught Exception: action : showa in class : HomeController not found!! in C:\laragon\www\MVC\core\Loader.php:25
Stack trace:
#0 C:\laragon\www\MVC\core\Route.php(100): Core\Loader::Controller('HomeController', Array)
#1 C:\laragon\www\MVC\public\index.php(27): Core\Route::Dispatch('/', 'get')
#2 {main}
  thrown in C:\laragon\www\MVC\core\Loader.php on line 25
[26-Jun-2025 17:03:08 UTC] PHP Fatal error:  Uncaught Exception: action : showa in class : HomeController not found!! in C:\laragon\www\MVC\core\Loader.php:25
Stack trace:
#0 C:\laragon\www\MVC\core\Route.php(100): Core\Loader::Controller('HomeController', Array)
#1 C:\laragon\www\MVC\public\index.php(27): Core\Route::Dispatch('/', 'get')
#2 {main}
  thrown in C:\laragon\www\MVC\core\Loader.php on line 25
[26-Jun-2025 17:03:09 UTC] PHP Fatal error:  Uncaught Exception: action : showa in class : HomeController not found!! in C:\laragon\www\MVC\core\Loader.php:25
Stack trace:
#0 C:\laragon\www\MVC\core\Route.php(100): Core\Loader::Controller('HomeController', Array)
#1 C:\laragon\www\MVC\public\index.php(27): Core\Route::Dispatch('/', 'get')
#2 {main}
  thrown in C:\laragon\www\MVC\core\Loader.php on line 25
[26-Jun-2025 17:03:09 UTC] PHP Fatal error:  Uncaught Exception: action : showa in class : HomeController not found!! in C:\laragon\www\MVC\core\Loader.php:25
Stack trace:
#0 C:\laragon\www\MVC\core\Route.php(100): Core\Loader::Controller('HomeController', Array)
#1 C:\laragon\www\MVC\public\index.php(27): Core\Route::Dispatch('/', 'get')
#2 {main}
  thrown in C:\laragon\www\MVC\core\Loader.php on line 25
[26-Jun-2025 17:03:09 UTC] PHP Fatal error:  Uncaught Exception: action : showa in class : HomeController not found!! in C:\laragon\www\MVC\core\Loader.php:25
Stack trace:
#0 C:\laragon\www\MVC\core\Route.php(100): Core\Loader::Controller('HomeController', Array)
#1 C:\laragon\www\MVC\public\index.php(27): Core\Route::Dispatch('/', 'get')
#2 {main}
  thrown in C:\laragon\www\MVC\core\Loader.php on line 25
[26-Jun-2025 17:03:12 UTC] PHP Fatal error:  Uncaught Exception: action : showa in class : HomeController not found!! in C:\laragon\www\MVC\core\Loader.php:25
Stack trace:
#0 C:\laragon\www\MVC\core\Route.php(100): Core\Loader::Controller('HomeController', Array)
#1 C:\laragon\www\MVC\public\index.php(27): Core\Route::Dispatch('/', 'get')
#2 {main}
  thrown in C:\laragon\www\MVC\core\Loader.php on line 25
[26-Jun-2025 17:03:13 UTC] PHP Fatal error:  Uncaught Exception: action : showa in class : HomeController not found!! in C:\laragon\www\MVC\core\Loader.php:25
Stack trace:
#0 C:\laragon\www\MVC\core\Route.php(100): Core\Loader::Controller('HomeController', Array)
#1 C:\laragon\www\MVC\public\index.php(27): Core\Route::Dispatch('/', 'get')
#2 {main}
  thrown in C:\laragon\www\MVC\core\Loader.php on line 25
[26-Jun-2025 17:03:13 UTC] PHP Fatal error:  Uncaught Exception: action : showa in class : HomeController not found!! in C:\laragon\www\MVC\core\Loader.php:25
Stack trace:
#0 C:\laragon\www\MVC\core\Route.php(100): Core\Loader::Controller('HomeController', Array)
#1 C:\laragon\www\MVC\public\index.php(27): Core\Route::Dispatch('/', 'get')
#2 {main}
  thrown in C:\laragon\www\MVC\core\Loader.php on line 25
[26-Jun-2025 17:03:13 UTC] PHP Fatal error:  Uncaught Exception: action : showa in class : HomeController not found!! in C:\laragon\www\MVC\core\Loader.php:25
Stack trace:
#0 C:\laragon\www\MVC\core\Route.php(100): Core\Loader::Controller('HomeController', Array)
#1 C:\laragon\www\MVC\public\index.php(27): Core\Route::Dispatch('/', 'get')
#2 {main}
  thrown in C:\laragon\www\MVC\core\Loader.php on line 25
[26-Jun-2025 17:03:13 UTC] PHP Fatal error:  Uncaught Exception: action : showa in class : HomeController not found!! in C:\laragon\www\MVC\core\Loader.php:25
Stack trace:
#0 C:\laragon\www\MVC\core\Route.php(100): Core\Loader::Controller('HomeController', Array)
#1 C:\laragon\www\MVC\public\index.php(27): Core\Route::Dispatch('/', 'get')
#2 {main}
  thrown in C:\laragon\www\MVC\core\Loader.php on line 25
[26-Jun-2025 17:03:13 UTC] PHP Fatal error:  Uncaught Exception: action : showa in class : HomeController not found!! in C:\laragon\www\MVC\core\Loader.php:25
Stack trace:
#0 C:\laragon\www\MVC\core\Route.php(100): Core\Loader::Controller('HomeController', Array)
#1 C:\laragon\www\MVC\public\index.php(27): Core\Route::Dispatch('/', 'get')
#2 {main}
  thrown in C:\laragon\www\MVC\core\Loader.php on line 25
[26-Jun-2025 17:03:14 UTC] PHP Fatal error:  Uncaught Exception: action : showa in class : HomeController not found!! in C:\laragon\www\MVC\core\Loader.php:25
Stack trace:
#0 C:\laragon\www\MVC\core\Route.php(100): Core\Loader::Controller('HomeController', Array)
#1 C:\laragon\www\MVC\public\index.php(27): Core\Route::Dispatch('/', 'get')
#2 {main}
  thrown in C:\laragon\www\MVC\core\Loader.php on line 25
[26-Jun-2025 17:03:14 UTC] PHP Fatal error:  Uncaught Exception: action : showa in class : HomeController not found!! in C:\laragon\www\MVC\core\Loader.php:25
Stack trace:
#0 C:\laragon\www\MVC\core\Route.php(100): Core\Loader::Controller('HomeController', Array)
#1 C:\laragon\www\MVC\public\index.php(27): Core\Route::Dispatch('/', 'get')
#2 {main}
  thrown in C:\laragon\www\MVC\core\Loader.php on line 25
[26-Jun-2025 17:03:14 UTC] PHP Fatal error:  Uncaught Exception: action : showa in class : HomeController not found!! in C:\laragon\www\MVC\core\Loader.php:25
Stack trace:
#0 C:\laragon\www\MVC\core\Route.php(100): Core\Loader::Controller('HomeController', Array)
#1 C:\laragon\www\MVC\public\index.php(27): Core\Route::Dispatch('/', 'get')
#2 {main}
  thrown in C:\laragon\www\MVC\core\Loader.php on line 25
[26-Jun-2025 17:03:14 UTC] PHP Fatal error:  Uncaught Exception: action : showa in class : HomeController not found!! in C:\laragon\www\MVC\core\Loader.php:25
Stack trace:
#0 C:\laragon\www\MVC\core\Route.php(100): Core\Loader::Controller('HomeController', Array)
#1 C:\laragon\www\MVC\public\index.php(27): Core\Route::Dispatch('/', 'get')
#2 {main}
  thrown in C:\laragon\www\MVC\core\Loader.php on line 25
[26-Jun-2025 17:03:14 UTC] PHP Fatal error:  Uncaught Exception: action : showa in class : HomeController not found!! in C:\laragon\www\MVC\core\Loader.php:25
Stack trace:
#0 C:\laragon\www\MVC\core\Route.php(100): Core\Loader::Controller('HomeController', Array)
#1 C:\laragon\www\MVC\public\index.php(27): Core\Route::Dispatch('/', 'get')
#2 {main}
  thrown in C:\laragon\www\MVC\core\Loader.php on line 25
[26-Jun-2025 17:03:14 UTC] PHP Fatal error:  Uncaught Exception: action : showa in class : HomeController not found!! in C:\laragon\www\MVC\core\Loader.php:25
Stack trace:
#0 C:\laragon\www\MVC\core\Route.php(100): Core\Loader::Controller('HomeController', Array)
#1 C:\laragon\www\MVC\public\index.php(27): Core\Route::Dispatch('/', 'get')
#2 {main}
  thrown in C:\laragon\www\MVC\core\Loader.php on line 25
[26-Jun-2025 17:03:15 UTC] PHP Fatal error:  Uncaught Exception: action : showa in class : HomeController not found!! in C:\laragon\www\MVC\core\Loader.php:25
Stack trace:
#0 C:\laragon\www\MVC\core\Route.php(100): Core\Loader::Controller('HomeController', Array)
#1 C:\laragon\www\MVC\public\index.php(27): Core\Route::Dispatch('/', 'get')
#2 {main}
  thrown in C:\laragon\www\MVC\core\Loader.php on line 25
[26-Jun-2025 17:03:15 UTC] PHP Fatal error:  Uncaught Exception: action : showa in class : HomeController not found!! in C:\laragon\www\MVC\core\Loader.php:25
Stack trace:
#0 C:\laragon\www\MVC\core\Route.php(100): Core\Loader::Controller('HomeController', Array)
#1 C:\laragon\www\MVC\public\index.php(27): Core\Route::Dispatch('/', 'get')
#2 {main}
  thrown in C:\laragon\www\MVC\core\Loader.php on line 25
[26-Jun-2025 17:03:15 UTC] PHP Fatal error:  Uncaught Exception: action : showa in class : HomeController not found!! in C:\laragon\www\MVC\core\Loader.php:25
Stack trace:
#0 C:\laragon\www\MVC\core\Route.php(100): Core\Loader::Controller('HomeController', Array)
#1 C:\laragon\www\MVC\public\index.php(27): Core\Route::Dispatch('/', 'get')
#2 {main}
  thrown in C:\laragon\www\MVC\core\Loader.php on line 25
[26-Jun-2025 17:03:15 UTC] PHP Fatal error:  Uncaught Exception: action : showa in class : HomeController not found!! in C:\laragon\www\MVC\core\Loader.php:25
Stack trace:
#0 C:\laragon\www\MVC\core\Route.php(100): Core\Loader::Controller('HomeController', Array)
#1 C:\laragon\www\MVC\public\index.php(27): Core\Route::Dispatch('/', 'get')
#2 {main}
  thrown in C:\laragon\www\MVC\core\Loader.php on line 25
[26-Jun-2025 17:03:15 UTC] PHP Fatal error:  Uncaught Exception: action : showa in class : HomeController not found!! in C:\laragon\www\MVC\core\Loader.php:25
Stack trace:
#0 C:\laragon\www\MVC\core\Route.php(100): Core\Loader::Controller('HomeController', Array)
#1 C:\laragon\www\MVC\public\index.php(27): Core\Route::Dispatch('/', 'get')
#2 {main}
  thrown in C:\laragon\www\MVC\core\Loader.php on line 25
[26-Jun-2025 17:03:15 UTC] PHP Fatal error:  Uncaught Exception: action : showa in class : HomeController not found!! in C:\laragon\www\MVC\core\Loader.php:25
Stack trace:
#0 C:\laragon\www\MVC\core\Route.php(100): Core\Loader::Controller('HomeController', Array)
#1 C:\laragon\www\MVC\public\index.php(27): Core\Route::Dispatch('/', 'get')
#2 {main}
  thrown in C:\laragon\www\MVC\core\Loader.php on line 25
[26-Jun-2025 17:03:16 UTC] PHP Fatal error:  Uncaught Exception: action : showa in class : HomeController not found!! in C:\laragon\www\MVC\core\Loader.php:25
Stack trace:
#0 C:\laragon\www\MVC\core\Route.php(100): Core\Loader::Controller('HomeController', Array)
#1 C:\laragon\www\MVC\public\index.php(27): Core\Route::Dispatch('/', 'get')
#2 {main}
  thrown in C:\laragon\www\MVC\core\Loader.php on line 25
[26-Jun-2025 17:03:16 UTC] PHP Fatal error:  Uncaught Exception: action : showa in class : HomeController not found!! in C:\laragon\www\MVC\core\Loader.php:25
Stack trace:
#0 C:\laragon\www\MVC\core\Route.php(100): Core\Loader::Controller('HomeController', Array)
#1 C:\laragon\www\MVC\public\index.php(27): Core\Route::Dispatch('/', 'get')
#2 {main}
  thrown in C:\laragon\www\MVC\core\Loader.php on line 25
[26-Jun-2025 17:03:16 UTC] PHP Fatal error:  Uncaught Exception: action : showa in class : HomeController not found!! in C:\laragon\www\MVC\core\Loader.php:25
Stack trace:
#0 C:\laragon\www\MVC\core\Route.php(100): Core\Loader::Controller('HomeController', Array)
#1 C:\laragon\www\MVC\public\index.php(27): Core\Route::Dispatch('/', 'get')
#2 {main}
  thrown in C:\laragon\www\MVC\core\Loader.php on line 25
[26-Jun-2025 17:03:16 UTC] PHP Fatal error:  Uncaught Exception: action : showa in class : HomeController not found!! in C:\laragon\www\MVC\core\Loader.php:25
Stack trace:
#0 C:\laragon\www\MVC\core\Route.php(100): Core\Loader::Controller('HomeController', Array)
#1 C:\laragon\www\MVC\public\index.php(27): Core\Route::Dispatch('/', 'get')
#2 {main}
  thrown in C:\laragon\www\MVC\core\Loader.php on line 25
[26-Jun-2025 17:03:16 UTC] PHP Fatal error:  Uncaught Exception: action : showa in class : HomeController not found!! in C:\laragon\www\MVC\core\Loader.php:25
Stack trace:
#0 C:\laragon\www\MVC\core\Route.php(100): Core\Loader::Controller('HomeController', Array)
#1 C:\laragon\www\MVC\public\index.php(27): Core\Route::Dispatch('/', 'get')
#2 {main}
  thrown in C:\laragon\www\MVC\core\Loader.php on line 25
[26-Jun-2025 17:03:18 UTC] PHP Fatal error:  Uncaught Exception: action : showa in class : HomeController not found!! in C:\laragon\www\MVC\core\Loader.php:25
Stack trace:
#0 C:\laragon\www\MVC\core\Route.php(100): Core\Loader::Controller('HomeController', Array)
#1 C:\laragon\www\MVC\public\index.php(27): Core\Route::Dispatch('/', 'get')
#2 {main}
  thrown in C:\laragon\www\MVC\core\Loader.php on line 25
[26-Jun-2025 17:03:18 UTC] PHP Fatal error:  Uncaught Exception: action : showa in class : HomeController not found!! in C:\laragon\www\MVC\core\Loader.php:25
Stack trace:
#0 C:\laragon\www\MVC\core\Route.php(100): Core\Loader::Controller('HomeController', Array)
#1 C:\laragon\www\MVC\public\index.php(27): Core\Route::Dispatch('/', 'get')
#2 {main}
  thrown in C:\laragon\www\MVC\core\Loader.php on line 25
[26-Jun-2025 17:03:46 UTC] PHP Fatal error:  Uncaught Exception: action : showa in class : HomeController not found!! in C:\laragon\www\MVC\core\Loader.php:25
Stack trace:
#0 C:\laragon\www\MVC\core\Route.php(100): Core\Loader::Controller('HomeController', Array)
#1 C:\laragon\www\MVC\public\index.php(27): Core\Route::Dispatch('/', 'get')
#2 {main}
  thrown in C:\laragon\www\MVC\core\Loader.php on line 25
[26-Jun-2025 17:03:46 UTC] PHP Fatal error:  Uncaught Exception: action : showa in class : HomeController not found!! in C:\laragon\www\MVC\core\Loader.php:25
Stack trace:
#0 C:\laragon\www\MVC\core\Route.php(100): Core\Loader::Controller('HomeController', Array)
#1 C:\laragon\www\MVC\public\index.php(27): Core\Route::Dispatch('/', 'get')
#2 {main}
  thrown in C:\laragon\www\MVC\core\Loader.php on line 25
[26-Jun-2025 17:03:46 UTC] PHP Fatal error:  Uncaught Exception: action : showa in class : HomeController not found!! in C:\laragon\www\MVC\core\Loader.php:25
Stack trace:
#0 C:\laragon\www\MVC\core\Route.php(100): Core\Loader::Controller('HomeController', Array)
#1 C:\laragon\www\MVC\public\index.php(27): Core\Route::Dispatch('/', 'get')
#2 {main}
  thrown in C:\laragon\www\MVC\core\Loader.php on line 25
[26-Jun-2025 17:03:47 UTC] PHP Fatal error:  Uncaught Exception: action : showa in class : HomeController not found!! in C:\laragon\www\MVC\core\Loader.php:25
Stack trace:
#0 C:\laragon\www\MVC\core\Route.php(100): Core\Loader::Controller('HomeController', Array)
#1 C:\laragon\www\MVC\public\index.php(27): Core\Route::Dispatch('/', 'get')
#2 {main}
  thrown in C:\laragon\www\MVC\core\Loader.php on line 25
[26-Jun-2025 17:03:47 UTC] PHP Fatal error:  Uncaught Exception: action : showa in class : HomeController not found!! in C:\laragon\www\MVC\core\Loader.php:25
Stack trace:
#0 C:\laragon\www\MVC\core\Route.php(100): Core\Loader::Controller('HomeController', Array)
#1 C:\laragon\www\MVC\public\index.php(27): Core\Route::Dispatch('/', 'get')
#2 {main}
  thrown in C:\laragon\www\MVC\core\Loader.php on line 25
[26-Jun-2025 17:03:47 UTC] PHP Fatal error:  Uncaught Exception: action : showa in class : HomeController not found!! in C:\laragon\www\MVC\core\Loader.php:25
Stack trace:
#0 C:\laragon\www\MVC\core\Route.php(100): Core\Loader::Controller('HomeController', Array)
#1 C:\laragon\www\MVC\public\index.php(27): Core\Route::Dispatch('/', 'get')
#2 {main}
  thrown in C:\laragon\www\MVC\core\Loader.php on line 25
[26-Jun-2025 17:03:47 UTC] PHP Fatal error:  Uncaught Exception: action : showa in class : HomeController not found!! in C:\laragon\www\MVC\core\Loader.php:25
Stack trace:
#0 C:\laragon\www\MVC\core\Route.php(100): Core\Loader::Controller('HomeController', Array)
#1 C:\laragon\www\MVC\public\index.php(27): Core\Route::Dispatch('/', 'get')
#2 {main}
  thrown in C:\laragon\www\MVC\core\Loader.php on line 25
[26-Jun-2025 17:04:46 UTC] PHP Fatal error:  Uncaught Exception: action : showa in class : HomeController not found!! in C:\laragon\www\MVC\core\Loader.php:25
Stack trace:
#0 C:\laragon\www\MVC\core\Route.php(100): Core\Loader::Controller('HomeController', Array)
#1 C:\laragon\www\MVC\public\index.php(27): Core\Route::Dispatch('/', 'get')
#2 {main}
  thrown in C:\laragon\www\MVC\core\Loader.php on line 25
[26-Jun-2025 17:04:46 UTC] PHP Fatal error:  Uncaught Exception: action : showa in class : HomeController not found!! in C:\laragon\www\MVC\core\Loader.php:25
Stack trace:
#0 C:\laragon\www\MVC\core\Route.php(100): Core\Loader::Controller('HomeController', Array)
#1 C:\laragon\www\MVC\public\index.php(27): Core\Route::Dispatch('/', 'get')
#2 {main}
  thrown in C:\laragon\www\MVC\core\Loader.php on line 25
[26-Jun-2025 17:04:47 UTC] PHP Fatal error:  Uncaught Exception: action : showa in class : HomeController not found!! in C:\laragon\www\MVC\core\Loader.php:25
Stack trace:
#0 C:\laragon\www\MVC\core\Route.php(100): Core\Loader::Controller('HomeController', Array)
#1 C:\laragon\www\MVC\public\index.php(27): Core\Route::Dispatch('/', 'get')
#2 {main}
  thrown in C:\laragon\www\MVC\core\Loader.php on line 25
[26-Jun-2025 17:04:47 UTC] PHP Fatal error:  Uncaught Exception: action : showa in class : HomeController not found!! in C:\laragon\www\MVC\core\Loader.php:25
Stack trace:
#0 C:\laragon\www\MVC\core\Route.php(100): Core\Loader::Controller('HomeController', Array)
#1 C:\laragon\www\MVC\public\index.php(27): Core\Route::Dispatch('/', 'get')
#2 {main}
  thrown in C:\laragon\www\MVC\core\Loader.php on line 25
[26-Jun-2025 17:04:50 UTC] PHP Fatal error:  Uncaught Exception: action : showa in class : HomeController not found!! in C:\laragon\www\MVC\core\Loader.php:25
Stack trace:
#0 C:\laragon\www\MVC\core\Route.php(100): Core\Loader::Controller('HomeController', Array)
#1 C:\laragon\www\MVC\public\index.php(27): Core\Route::Dispatch('/', 'get')
#2 {main}
  thrown in C:\laragon\www\MVC\core\Loader.php on line 25
[26-Jun-2025 17:04:51 UTC] PHP Fatal error:  Uncaught Exception: action : showa in class : HomeController not found!! in C:\laragon\www\MVC\core\Loader.php:25
Stack trace:
#0 C:\laragon\www\MVC\core\Route.php(100): Core\Loader::Controller('HomeController', Array)
#1 C:\laragon\www\MVC\public\index.php(27): Core\Route::Dispatch('/', 'get')
#2 {main}
  thrown in C:\laragon\www\MVC\core\Loader.php on line 25
[26-Jun-2025 17:04:51 UTC] PHP Fatal error:  Uncaught Exception: action : showa in class : HomeController not found!! in C:\laragon\www\MVC\core\Loader.php:25
Stack trace:
#0 C:\laragon\www\MVC\core\Route.php(100): Core\Loader::Controller('HomeController', Array)
#1 C:\laragon\www\MVC\public\index.php(27): Core\Route::Dispatch('/', 'get')
#2 {main}
  thrown in C:\laragon\www\MVC\core\Loader.php on line 25
[26-Jun-2025 17:04:51 UTC] PHP Fatal error:  Uncaught Exception: action : showa in class : HomeController not found!! in C:\laragon\www\MVC\core\Loader.php:25
Stack trace:
#0 C:\laragon\www\MVC\core\Route.php(100): Core\Loader::Controller('HomeController', Array)
#1 C:\laragon\www\MVC\public\index.php(27): Core\Route::Dispatch('/', 'get')
#2 {main}
  thrown in C:\laragon\www\MVC\core\Loader.php on line 25
[26-Jun-2025 17:04:51 UTC] PHP Fatal error:  Uncaught Exception: action : showa in class : HomeController not found!! in C:\laragon\www\MVC\core\Loader.php:25
Stack trace:
#0 C:\laragon\www\MVC\core\Route.php(100): Core\Loader::Controller('HomeController', Array)
#1 C:\laragon\www\MVC\public\index.php(27): Core\Route::Dispatch('/', 'get')
#2 {main}
  thrown in C:\laragon\www\MVC\core\Loader.php on line 25
[26-Jun-2025 17:04:51 UTC] PHP Fatal error:  Uncaught Exception: action : showa in class : HomeController not found!! in C:\laragon\www\MVC\core\Loader.php:25
Stack trace:
#0 C:\laragon\www\MVC\core\Route.php(100): Core\Loader::Controller('HomeController', Array)
#1 C:\laragon\www\MVC\public\index.php(27): Core\Route::Dispatch('/', 'get')
#2 {main}
  thrown in C:\laragon\www\MVC\core\Loader.php on line 25
[26-Jun-2025 17:08:21 UTC] PHP Fatal error:  Uncaught Exception: action : showa in class : HomeController not found!! in C:\laragon\www\MVC\core\Loader.php:25
Stack trace:
#0 C:\laragon\www\MVC\core\Route.php(100): Core\Loader::Controller('HomeController', Array)
#1 C:\laragon\www\MVC\public\index.php(27): Core\Route::Dispatch('/', 'get')
#2 {main}
  thrown in C:\laragon\www\MVC\core\Loader.php on line 25
[26-Jun-2025 17:08:21 UTC] PHP Fatal error:  Uncaught Exception: action : showa in class : HomeController not found!! in C:\laragon\www\MVC\core\Loader.php:25
Stack trace:
#0 C:\laragon\www\MVC\core\Route.php(100): Core\Loader::Controller('HomeController', Array)
#1 C:\laragon\www\MVC\public\index.php(27): Core\Route::Dispatch('/', 'get')
#2 {main}
  thrown in C:\laragon\www\MVC\core\Loader.php on line 25
[26-Jun-2025 17:08:21 UTC] PHP Fatal error:  Uncaught Exception: action : showa in class : HomeController not found!! in C:\laragon\www\MVC\core\Loader.php:25
Stack trace:
#0 C:\laragon\www\MVC\core\Route.php(100): Core\Loader::Controller('HomeController', Array)
#1 C:\laragon\www\MVC\public\index.php(27): Core\Route::Dispatch('/', 'get')
#2 {main}
  thrown in C:\laragon\www\MVC\core\Loader.php on line 25
[26-Jun-2025 17:08:21 UTC] PHP Fatal error:  Uncaught Exception: action : showa in class : HomeController not found!! in C:\laragon\www\MVC\core\Loader.php:25
Stack trace:
#0 C:\laragon\www\MVC\core\Route.php(100): Core\Loader::Controller('HomeController', Array)
#1 C:\laragon\www\MVC\public\index.php(27): Core\Route::Dispatch('/', 'get')
#2 {main}
  thrown in C:\laragon\www\MVC\core\Loader.php on line 25
[26-Jun-2025 17:08:22 UTC] PHP Fatal error:  Uncaught Exception: action : showa in class : HomeController not found!! in C:\laragon\www\MVC\core\Loader.php:25
Stack trace:
#0 C:\laragon\www\MVC\core\Route.php(100): Core\Loader::Controller('HomeController', Array)
#1 C:\laragon\www\MVC\public\index.php(27): Core\Route::Dispatch('/', 'get')
#2 {main}
  thrown in C:\laragon\www\MVC\core\Loader.php on line 25
[26-Jun-2025 17:08:22 UTC] PHP Fatal error:  Uncaught Exception: action : showa in class : HomeController not found!! in C:\laragon\www\MVC\core\Loader.php:25
Stack trace:
#0 C:\laragon\www\MVC\core\Route.php(100): Core\Loader::Controller('HomeController', Array)
#1 C:\laragon\www\MVC\public\index.php(27): Core\Route::Dispatch('/', 'get')
#2 {main}
  thrown in C:\laragon\www\MVC\core\Loader.php on line 25
[26-Jun-2025 17:08:22 UTC] PHP Fatal error:  Uncaught Exception: action : showa in class : HomeController not found!! in C:\laragon\www\MVC\core\Loader.php:25
Stack trace:
#0 C:\laragon\www\MVC\core\Route.php(100): Core\Loader::Controller('HomeController', Array)
#1 C:\laragon\www\MVC\public\index.php(27): Core\Route::Dispatch('/', 'get')
#2 {main}
  thrown in C:\laragon\www\MVC\core\Loader.php on line 25
[26-Jun-2025 17:08:22 UTC] PHP Fatal error:  Uncaught Exception: action : showa in class : HomeController not found!! in C:\laragon\www\MVC\core\Loader.php:25
Stack trace:
#0 C:\laragon\www\MVC\core\Route.php(100): Core\Loader::Controller('HomeController', Array)
#1 C:\laragon\www\MVC\public\index.php(27): Core\Route::Dispatch('/', 'get')
#2 {main}
  thrown in C:\laragon\www\MVC\core\Loader.php on line 25
[26-Jun-2025 17:08:22 UTC] PHP Fatal error:  Uncaught Exception: action : showa in class : HomeController not found!! in C:\laragon\www\MVC\core\Loader.php:25
Stack trace:
#0 C:\laragon\www\MVC\core\Route.php(100): Core\Loader::Controller('HomeController', Array)
#1 C:\laragon\www\MVC\public\index.php(27): Core\Route::Dispatch('/', 'get')
#2 {main}
  thrown in C:\laragon\www\MVC\core\Loader.php on line 25
[26-Jun-2025 17:08:22 UTC] PHP Fatal error:  Uncaught Exception: action : showa in class : HomeController not found!! in C:\laragon\www\MVC\core\Loader.php:25
Stack trace:
#0 C:\laragon\www\MVC\core\Route.php(100): Core\Loader::Controller('HomeController', Array)
#1 C:\laragon\www\MVC\public\index.php(27): Core\Route::Dispatch('/', 'get')
#2 {main}
  thrown in C:\laragon\www\MVC\core\Loader.php on line 25
[26-Jun-2025 17:08:23 UTC] PHP Fatal error:  Uncaught Exception: action : showa in class : HomeController not found!! in C:\laragon\www\MVC\core\Loader.php:25
Stack trace:
#0 C:\laragon\www\MVC\core\Route.php(100): Core\Loader::Controller('HomeController', Array)
#1 C:\laragon\www\MVC\public\index.php(27): Core\Route::Dispatch('/', 'get')
#2 {main}
  thrown in C:\laragon\www\MVC\core\Loader.php on line 25
[26-Jun-2025 17:08:50 UTC] PHP Fatal error:  Uncaught Exception: action : showa in class : HomeController not found!! in C:\laragon\www\MVC\core\Loader.php:25
Stack trace:
#0 C:\laragon\www\MVC\core\Route.php(100): Core\Loader::Controller('HomeController', Array)
#1 C:\laragon\www\MVC\public\index.php(27): Core\Route::Dispatch('/', 'get')
#2 {main}
  thrown in C:\laragon\www\MVC\core\Loader.php on line 25
[26-Jun-2025 17:08:50 UTC] PHP Fatal error:  Uncaught Exception: action : showa in class : HomeController not found!! in C:\laragon\www\MVC\core\Loader.php:25
Stack trace:
#0 C:\laragon\www\MVC\core\Route.php(100): Core\Loader::Controller('HomeController', Array)
#1 C:\laragon\www\MVC\public\index.php(27): Core\Route::Dispatch('/', 'get')
#2 {main}
  thrown in C:\laragon\www\MVC\core\Loader.php on line 25
[26-Jun-2025 17:08:50 UTC] PHP Fatal error:  Uncaught Exception: action : showa in class : HomeController not found!! in C:\laragon\www\MVC\core\Loader.php:25
Stack trace:
#0 C:\laragon\www\MVC\core\Route.php(100): Core\Loader::Controller('HomeController', Array)
#1 C:\laragon\www\MVC\public\index.php(27): Core\Route::Dispatch('/', 'get')
#2 {main}
  thrown in C:\laragon\www\MVC\core\Loader.php on line 25
[26-Jun-2025 17:08:51 UTC] PHP Fatal error:  Uncaught Exception: action : showa in class : HomeController not found!! in C:\laragon\www\MVC\core\Loader.php:25
Stack trace:
#0 C:\laragon\www\MVC\core\Route.php(100): Core\Loader::Controller('HomeController', Array)
#1 C:\laragon\www\MVC\public\index.php(27): Core\Route::Dispatch('/', 'get')
#2 {main}
  thrown in C:\laragon\www\MVC\core\Loader.php on line 25
[26-Jun-2025 17:08:51 UTC] PHP Fatal error:  Uncaught Exception: action : showa in class : HomeController not found!! in C:\laragon\www\MVC\core\Loader.php:25
Stack trace:
#0 C:\laragon\www\MVC\core\Route.php(100): Core\Loader::Controller('HomeController', Array)
#1 C:\laragon\www\MVC\public\index.php(27): Core\Route::Dispatch('/', 'get')
#2 {main}
  thrown in C:\laragon\www\MVC\core\Loader.php on line 25
[26-Jun-2025 17:08:51 UTC] PHP Fatal error:  Uncaught Exception: action : showa in class : HomeController not found!! in C:\laragon\www\MVC\core\Loader.php:25
Stack trace:
#0 C:\laragon\www\MVC\core\Route.php(100): Core\Loader::Controller('HomeController', Array)
#1 C:\laragon\www\MVC\public\index.php(27): Core\Route::Dispatch('/', 'get')
#2 {main}
  thrown in C:\laragon\www\MVC\core\Loader.php on line 25
[26-Jun-2025 17:08:51 UTC] PHP Fatal error:  Uncaught Exception: action : showa in class : HomeController not found!! in C:\laragon\www\MVC\core\Loader.php:25
Stack trace:
#0 C:\laragon\www\MVC\core\Route.php(100): Core\Loader::Controller('HomeController', Array)
#1 C:\laragon\www\MVC\public\index.php(27): Core\Route::Dispatch('/', 'get')
#2 {main}
  thrown in C:\laragon\www\MVC\core\Loader.php on line 25
[26-Jun-2025 17:09:24 UTC] PHP Fatal error:  Uncaught Exception: action : showa in class : HomeController not found!! in C:\laragon\www\MVC\core\Loader.php:25
Stack trace:
#0 C:\laragon\www\MVC\core\Route.php(100): Core\Loader::Controller('HomeController', Array)
#1 C:\laragon\www\MVC\public\index.php(27): Core\Route::Dispatch('/', 'get')
#2 {main}
  thrown in C:\laragon\www\MVC\core\Loader.php on line 25
[26-Jun-2025 17:09:24 UTC] PHP Fatal error:  Uncaught Exception: action : showa in class : HomeController not found!! in C:\laragon\www\MVC\core\Loader.php:25
Stack trace:
#0 C:\laragon\www\MVC\core\Route.php(100): Core\Loader::Controller('HomeController', Array)
#1 C:\laragon\www\MVC\public\index.php(27): Core\Route::Dispatch('/', 'get')
#2 {main}
  thrown in C:\laragon\www\MVC\core\Loader.php on line 25
[26-Jun-2025 17:09:24 UTC] PHP Fatal error:  Uncaught Exception: action : showa in class : HomeController not found!! in C:\laragon\www\MVC\core\Loader.php:25
Stack trace:
#0 C:\laragon\www\MVC\core\Route.php(100): Core\Loader::Controller('HomeController', Array)
#1 C:\laragon\www\MVC\public\index.php(27): Core\Route::Dispatch('/', 'get')
#2 {main}
  thrown in C:\laragon\www\MVC\core\Loader.php on line 25
[26-Jun-2025 17:09:29 UTC] PHP Fatal error:  Uncaught Exception: action : showa in class : HomeController not found!! in C:\laragon\www\MVC\core\Loader.php:25
Stack trace:
#0 C:\laragon\www\MVC\core\Route.php(100): Core\Loader::Controller('HomeController', Array)
#1 C:\laragon\www\MVC\public\index.php(27): Core\Route::Dispatch('/', 'get')
#2 {main}
  thrown in C:\laragon\www\MVC\core\Loader.php on line 25
